GPU: NVIDIA GeForce RTX 5070 Ti  total=15.4 GiB  torch=2.9.1+cu128
网络: ConvSNNStack（5 层 conv-bn-LIF + 头）B=8 H=W=112 bf16；子进程隔离 + 冷启动单列记录

=== 组1：固定 T=64，扫 chunk —— 峰值显存 / 稳态时间 / 冷启动(编译)时间 ===
          配置 |     峰值GiB |      稳态ms |      冷启动ms |     显存比 |     速度比
    full(全T) |      3.87 |      44.2 |     3468.1 |    1.00 |    1.00
     chunk=1 |      0.12 |      41.9 |     3533.7 |    0.03 |    0.95
     chunk=2 |      0.18 |      39.1 |     4790.1 |    0.05 |    0.88
     chunk=4 |      0.30 |      42.2 |     3585.5 |    0.08 |    0.95
     chunk=8 |      0.54 |      43.9 |     3671.4 |    0.14 |    0.99
    chunk=16 |      1.01 |      44.1 |     3761.6 |    0.26 |    1.00
    chunk=32 |      1.97 |      44.4 |    24182.6 |    0.51 |    1.00
    chunk=64 |      3.86 |      44.4 |     2259.9 |    1.00 |    1.00

=== 组2：大 T + 小 chunk —— 峰值显存(GiB) / 稳态时间(ms)；对照 full ===
    T |           full |          chunk=8 |         chunk=32
  128 |        TMO(编译) |     0.54GiB/88ms |     1.97GiB/89ms
  256 |              - |    0.54GiB/176ms |    1.97GiB/178ms
  512 |              - |    0.54GiB/352ms |    1.97GiB/356ms

=== 解读 ===
- 显存：分块峰值 ∝ chunk（不随 T），全 T 峰值 ∝ T → 大 T 必须分块。
- 稳态速度：chunk 越小、kernel 启动越多 → 越慢；存在一个'够用就好'的最大 chunk。
- 冷启动：展开长度(=chunk 或 T)越大，triton 编译越慢且超线性 → 大 chunk/全 T 还要付高编译税。

CHUNK_SWEEP_DONE
